<?xml version="1.0" encoding="UTF-8"?>
<!-- Generated by org.testng.reporters.JUnitXMLReporter -->
<testsuite ignored="0" hostname="Siddhartha" failures="0" tests="7" name="All Test Cases" time="59.475" errors="0" timestamp="2025-04-22T22:42:21 IST">
  <testcase classname="Test.TC_001_SignUpTest" name="verifySignUpButtonFunctionality" time="1.747"/>
  <testcase classname="Test.TC_002_LoginTest" name="verifyLoginFunctionality" time="3.104"/>
  <testcase classname="Test.TC_003_ProductCategoriesAndDisplayTest" name="verifyHomePageElements" time="6.672"/>
  <testcase classname="Test.TC_004_ProductDetailTest" name="verifyProductDetailAndAddToCart" time="8.879"/>
  <testcase classname="Test.TC_005_CartFunctionalityTest" name="verifyCartFunctionality" time="13.706"/>
  <testcase classname="Test.TC_006_PurchaseTest" name="verifyPurchaseFlow" time="11.522"/>
  <testcase classname="Test.TC_007_LogoutTest" name="verifyLogoutFunctionality" time="3.788"/>
</testsuite> <!-- All Test Cases -->
