<?xml version="1.0" encoding="UTF-8"?>
<!-- Generated by org.testng.reporters.JUnitXMLReporter -->
<testsuite ignored="0" hostname="Siddhartha" failures="0" tests="7" name="All Test Cases" time="72.6" errors="0" timestamp="2025-04-22T23:53:11 IST">
  <testcase classname="Test.TC_001_SignUpTest" name="verifySignUpButtonFunctionality" time="1.178"/>
  <testcase classname="Test.TC_002_LoginTest" name="verifyLoginFunctionality" time="4.193"/>
  <testcase classname="Test.TC_003_ProductCategoriesAndDisplayTest" name="verifyHomePageElements" time="7.05"/>
  <testcase classname="Test.TC_004_ProductDetailTest" name="verifyProductDetailAndAddToCart" time="10.242"/>
  <testcase classname="Test.TC_005_CartFunctionalityTest" name="verifyCartFunctionality" time="14.567"/>
  <testcase classname="Test.TC_006_PurchaseTest" name="verifyPurchaseFlow" time="12.935"/>
  <testcase classname="Test.TC_007_LogoutTest" name="verifyLogoutFunctionality" time="4.074"/>
</testsuite> <!-- All Test Cases -->
